2025-01-18 00:15:05 INFO     loading existing metadata: H:/danbooru2024-webp-4Mpixel/meta_cap_dd_12.json                                                                                                                                    prepare_buckets_latents_v2.py:75
2025-01-18 00:15:07 INFO     found 500272 images.                                                                                                                                                                                           prepare_buckets_latents_v2.py:84
                    INFO     load VAE: E:/NOVELAI/stable-diffusion-webui/stable-diffusion-webui/models/VAE/sdxl-vae-fp16-fix.vae.safetensors                                                                                                              model_util.py:1268
100%|█████████████████████████████████████████████████████████████████████████████████████████████████████████████████████████████████████████████████████████████████████████████████████████████████████████████████████████████| 500272/500272 [22:40<00:00, 367.66it/s]
2025-01-18 00:37:50 INFO     bucket 0 (256, 1024): 1192                                                                                                                                                                                    prepare_buckets_latents_v2.py:211
                    INFO     bucket 1 (320, 1024): 2630                                                                                                                                                                                    prepare_buckets_latents_v2.py:211
                    INFO     bucket 2 (384, 1024): 2625                                                                                                                                                                                    prepare_buckets_latents_v2.py:211
                    INFO     bucket 3 (448, 1024): 3402                                                                                                                                                                                    prepare_buckets_latents_v2.py:211
                    INFO     bucket 4 (512, 1024): 7539                                                                                                                                                                                    prepare_buckets_latents_v2.py:211
                    INFO     bucket 5 (576, 1024): 19081                                                                                                                                                                                   prepare_buckets_latents_v2.py:211
                    INFO     bucket 6 (640, 1024): 30876                                                                                                                                                                                   prepare_buckets_latents_v2.py:211
                    INFO     bucket 7 (704, 1024): 159634                                                                                                                                                                                  prepare_buckets_latents_v2.py:211
                    INFO     bucket 8 (768, 1024): 62797                                                                                                                                                                                   prepare_buckets_latents_v2.py:211
                    INFO     bucket 9 (832, 1024): 31404                                                                                                                                                                                   prepare_buckets_latents_v2.py:211
                    INFO     bucket 10 (896, 1024): 18057                                                                                                                                                                                  prepare_buckets_latents_v2.py:211
                    INFO     bucket 11 (960, 1024): 11788                                                                                                                                                                                  prepare_buckets_latents_v2.py:211
                    INFO     bucket 12 (1024, 256): 197                                                                                                                                                                                    prepare_buckets_latents_v2.py:211
                    INFO     bucket 13 (1024, 320): 314                                                                                                                                                                                    prepare_buckets_latents_v2.py:211
                    INFO     bucket 14 (1024, 384): 592                                                                                                                                                                                    prepare_buckets_latents_v2.py:211
                    INFO     bucket 15 (1024, 448): 1348                                                                                                                                                                                   prepare_buckets_latents_v2.py:211
                    INFO     bucket 16 (1024, 512): 3047                                                                                                                                                                                   prepare_buckets_latents_v2.py:211
                    INFO     bucket 17 (1024, 576): 14681                                                                                                                                                                                  prepare_buckets_latents_v2.py:211
                    INFO     bucket 18 (1024, 640): 10159                                                                                                                                                                                  prepare_buckets_latents_v2.py:211
                    INFO     bucket 19 (1024, 704): 30041                                                                                                                                                                                  prepare_buckets_latents_v2.py:211
                    INFO     bucket 20 (1024, 768): 23794                                                                                                                                                                                  prepare_buckets_latents_v2.py:211
                    INFO     bucket 21 (1024, 832): 12194                                                                                                                                                                                  prepare_buckets_latents_v2.py:211
                    INFO     bucket 22 (1024, 896): 9199                                                                                                                                                                                   prepare_buckets_latents_v2.py:211
                    INFO     bucket 23 (1024, 960): 8618                                                                                                                                                                                   prepare_buckets_latents_v2.py:211
                    INFO     bucket 24 (1024, 1024): 35063                                                                                                                                                                                 prepare_buckets_latents_v2.py:211
                    INFO     mean ar error: 0.01850674297508794                                                                                                                                                                            prepare_buckets_latents_v2.py:213
                    INFO     writing metadata: H:/danbooru2024-webp-4Mpixel/meta_lat_12.json                                                                                                                                               prepare_buckets_latents_v2.py:216
2025-01-18 00:37:57 INFO     done!                          
2025-01-18 00:15:09 INFO     loading existing metadata: H:/danbooru2024-webp-4Mpixel/meta_cap_dd_13.json                                                                                                                                    prepare_buckets_latents_v2.py:75
2025-01-18 00:15:11 INFO     found 500412 images.                                                                                                                                                                                           prepare_buckets_latents_v2.py:84
                    INFO     load VAE: E:/NOVELAI/stable-diffusion-webui/stable-diffusion-webui/models/VAE/sdxl-vae-fp16-fix.vae.safetensors                                                                                                              model_util.py:1268
100%|█████████████████████████████████████████████████████████████████████████████████████████████████████████████████████████████████████████████████████████████████████████████████████████████████████████████████████████████| 500412/500412 [22:39<00:00, 368.11it/s] 
2025-01-18 00:37:52 INFO     bucket 0 (256, 1024): 1116                                                                                                                                                                                    prepare_buckets_latents_v2.py:211
                    INFO     bucket 1 (320, 1024): 2614                                                                                                                                                                                    prepare_buckets_latents_v2.py:211
                    INFO     bucket 2 (384, 1024): 2592                                                                                                                                                                                    prepare_buckets_latents_v2.py:211
                    INFO     bucket 3 (448, 1024): 3359                                                                                                                                                                                    prepare_buckets_latents_v2.py:211
                    INFO     bucket 4 (512, 1024): 7507                                                                                                                                                                                    prepare_buckets_latents_v2.py:211
                    INFO     bucket 5 (576, 1024): 18844                                                                                                                                                                                   prepare_buckets_latents_v2.py:211
                    INFO     bucket 6 (640, 1024): 31171                                                                                                                                                                                   prepare_buckets_latents_v2.py:211
                    INFO     bucket 7 (704, 1024): 159690                                                                                                                                                                                  prepare_buckets_latents_v2.py:211
                    INFO     bucket 8 (768, 1024): 63202                                                                                                                                                                                   prepare_buckets_latents_v2.py:211
                    INFO     bucket 9 (832, 1024): 31595                                                                                                                                                                                   prepare_buckets_latents_v2.py:211
                    INFO     bucket 10 (896, 1024): 17770                                                                                                                                                                                  prepare_buckets_latents_v2.py:211
                    INFO     bucket 11 (960, 1024): 11800                                                                                                                                                                                  prepare_buckets_latents_v2.py:211
                    INFO     bucket 12 (1024, 256): 199                                                                                                                                                                                    prepare_buckets_latents_v2.py:211
                    INFO     bucket 13 (1024, 320): 313                                                                                                                                                                                    prepare_buckets_latents_v2.py:211
                    INFO     bucket 14 (1024, 384): 605                                                                                                                                                                                    prepare_buckets_latents_v2.py:211
                    INFO     bucket 15 (1024, 448): 1409                                                                                                                                                                                   prepare_buckets_latents_v2.py:211
                    INFO     bucket 16 (1024, 512): 3000                                                                                                                                                                                   prepare_buckets_latents_v2.py:211
                    INFO     bucket 17 (1024, 576): 14428                                                                                                                                                                                  prepare_buckets_latents_v2.py:211
                    INFO     bucket 18 (1024, 640): 10234                                                                                                                                                                                  prepare_buckets_latents_v2.py:211
                    INFO     bucket 19 (1024, 704): 29952                                                                                                                                                                                  prepare_buckets_latents_v2.py:211
                    INFO     bucket 20 (1024, 768): 24193                                                                                                                                                                                  prepare_buckets_latents_v2.py:211
                    INFO     bucket 21 (1024, 832): 12041                                                                                                                                                                                  prepare_buckets_latents_v2.py:211
                    INFO     bucket 22 (1024, 896): 9200                                                                                                                                                                                   prepare_buckets_latents_v2.py:211
                    INFO     bucket 23 (1024, 960): 8345                                                                                                                                                                                   prepare_buckets_latents_v2.py:211
                    INFO     bucket 24 (1024, 1024): 35233                                                                                                                                                                                 prepare_buckets_latents_v2.py:211
2025-01-18 00:37:53 INFO     mean ar error: 0.018685327595691293                                                                                                                                                                           prepare_buckets_latents_v2.py:213
                    INFO     writing metadata: H:/danbooru2024-webp-4Mpixel/meta_lat_13.json                                                                                                                                               prepare_buckets_latents_v2.py:216
2025-01-18 00:38:00 INFO     done!                           
2025-01-18 00:15:12 INFO     loading existing metadata: H:/danbooru2024-webp-4Mpixel/meta_cap_dd_14.json                                                                                                                                    prepare_buckets_latents_v2.py:75
2025-01-18 00:15:14 INFO     found 500299 images.                                                                                                                                                                                           prepare_buckets_latents_v2.py:84
                    INFO     load VAE: E:/NOVELAI/stable-diffusion-webui/stable-diffusion-webui/models/VAE/sdxl-vae-fp16-fix.vae.safetensors                                                                                                              model_util.py:1268
100%|█████████████████████████████████████████████████████████████████████████████████████████████████████████████████████████████████████████████████████████████████████████████████████████████████████████████████████████████| 500299/500299 [22:36<00:00, 368.79it/s]
2025-01-18 00:37:53 INFO     bucket 0 (256, 1024): 1165                                                                                                                                                                                    prepare_buckets_latents_v2.py:211
                    INFO     bucket 1 (320, 1024): 2817                                                                                                                                                                                    prepare_buckets_latents_v2.py:211
                    INFO     bucket 2 (384, 1024): 2546                                                                                                                                                                                    prepare_buckets_latents_v2.py:211
                    INFO     bucket 3 (448, 1024): 3346                                                                                                                                                                                    prepare_buckets_latents_v2.py:211
                    INFO     bucket 4 (512, 1024): 7625                                                                                                                                                                                    prepare_buckets_latents_v2.py:211
                    INFO     bucket 5 (576, 1024): 18801                                                                                                                                                                                   prepare_buckets_latents_v2.py:211
                    INFO     bucket 6 (640, 1024): 30898                                                                                                                                                                                   prepare_buckets_latents_v2.py:211
                    INFO     bucket 7 (704, 1024): 159704                                                                                                                                                                                  prepare_buckets_latents_v2.py:211
                    INFO     bucket 8 (768, 1024): 62780                                                                                                                                                                                   prepare_buckets_latents_v2.py:211
                    INFO     bucket 9 (832, 1024): 31406                                                                                                                                                                                   prepare_buckets_latents_v2.py:211
                    INFO     bucket 10 (896, 1024): 18028                                                                                                                                                                                  prepare_buckets_latents_v2.py:211
                    INFO     bucket 11 (960, 1024): 11768                                                                                                                                                                                  prepare_buckets_latents_v2.py:211
                    INFO     bucket 12 (1024, 256): 208                                                                                                                                                                                    prepare_buckets_latents_v2.py:211
                    INFO     bucket 13 (1024, 320): 330                                                                                                                                                                                    prepare_buckets_latents_v2.py:211
                    INFO     bucket 14 (1024, 384): 623                                                                                                                                                                                    prepare_buckets_latents_v2.py:211
                    INFO     bucket 15 (1024, 448): 1408                                                                                                                                                                                   prepare_buckets_latents_v2.py:211
                    INFO     bucket 16 (1024, 512): 2961                                                                                                                                                                                   prepare_buckets_latents_v2.py:211
                    INFO     bucket 17 (1024, 576): 14547                                                                                                                                                                                  prepare_buckets_latents_v2.py:211
                    INFO     bucket 18 (1024, 640): 10331                                                                                                                                                                                  prepare_buckets_latents_v2.py:211
                    INFO     bucket 19 (1024, 704): 29811                                                                                                                                                                                  prepare_buckets_latents_v2.py:211
                    INFO     bucket 20 (1024, 768): 24321                                                                                                                                                                                  prepare_buckets_latents_v2.py:211
                    INFO     bucket 21 (1024, 832): 12220                                                                                                                                                                                  prepare_buckets_latents_v2.py:211
                    INFO     bucket 22 (1024, 896): 9089                                                                                                                                                                                   prepare_buckets_latents_v2.py:211
                    INFO     bucket 23 (1024, 960): 8474                                                                                                                                                                                   prepare_buckets_latents_v2.py:211
                    INFO     bucket 24 (1024, 1024): 35092                                                                                                                                                                                 prepare_buckets_latents_v2.py:211
                    INFO     mean ar error: 0.018571917944972507                                                                                                                                                                           prepare_buckets_latents_v2.py:213
                    INFO     writing metadata: H:/danbooru2024-webp-4Mpixel/meta_lat_14.json                                                                                                                                               prepare_buckets_latents_v2.py:216
2025-01-18 00:38:00 INFO     done!                                                    
2025-01-18 00:15:16 INFO     loading existing metadata: H:/danbooru2024-webp-4Mpixel/meta_cap_dd_15.json                                                                                                                                    prepare_buckets_latents_v2.py:75
2025-01-18 00:15:18 INFO     found 500323 images.                                                                                                                                                                                           prepare_buckets_latents_v2.py:84
                    INFO     load VAE: E:/NOVELAI/stable-diffusion-webui/stable-diffusion-webui/models/VAE/sdxl-vae-fp16-fix.vae.safetensors                                                                                                              model_util.py:1268
100%|█████████████████████████████████████████████████████████████████████████████████████████████████████████████████████████████████████████████████████████████████████████████████████████████████████████████████████████████| 500323/500323 [22:38<00:00, 368.41it/s] 
2025-01-18 00:37:58 INFO     bucket 0 (256, 1024): 1149                                                                                                                                                                                    prepare_buckets_latents_v2.py:211
                    INFO     bucket 1 (320, 1024): 2735                                                                                                                                                                                    prepare_buckets_latents_v2.py:211
                    INFO     bucket 2 (384, 1024): 2513                                                                                                                                                                                    prepare_buckets_latents_v2.py:211
                    INFO     bucket 3 (448, 1024): 3377                                                                                                                                                                                    prepare_buckets_latents_v2.py:211
                    INFO     bucket 4 (512, 1024): 7541                                                                                                                                                                                    prepare_buckets_latents_v2.py:211
                    INFO     bucket 5 (576, 1024): 18701                                                                                                                                                                                   prepare_buckets_latents_v2.py:211
                    INFO     bucket 6 (640, 1024): 31149                                                                                                                                                                                   prepare_buckets_latents_v2.py:211
                    INFO     bucket 7 (704, 1024): 159511                                                                                                                                                                                  prepare_buckets_latents_v2.py:211
                    INFO     bucket 8 (768, 1024): 62896                                                                                                                                                                                   prepare_buckets_latents_v2.py:211
                    INFO     bucket 9 (832, 1024): 31158                                                                                                                                                                                   prepare_buckets_latents_v2.py:211
                    INFO     bucket 10 (896, 1024): 18077                                                                                                                                                                                  prepare_buckets_latents_v2.py:211
                    INFO     bucket 11 (960, 1024): 11766                                                                                                                                                                                  prepare_buckets_latents_v2.py:211
                    INFO     bucket 12 (1024, 256): 176                                                                                                                                                                                    prepare_buckets_latents_v2.py:211
                    INFO     bucket 13 (1024, 320): 303                                                                                                                                                                                    prepare_buckets_latents_v2.py:211
                    INFO     bucket 14 (1024, 384): 624                                                                                                                                                                                    prepare_buckets_latents_v2.py:211
                    INFO     bucket 15 (1024, 448): 1321                                                                                                                                                                                   prepare_buckets_latents_v2.py:211
                    INFO     bucket 16 (1024, 512): 3036                                                                                                                                                                                   prepare_buckets_latents_v2.py:211
                    INFO     bucket 17 (1024, 576): 14521                                                                                                                                                                                  prepare_buckets_latents_v2.py:211
                    INFO     bucket 18 (1024, 640): 10191                                                                                                                                                                                  prepare_buckets_latents_v2.py:211
                    INFO     bucket 19 (1024, 704): 29937                                                                                                                                                                                  prepare_buckets_latents_v2.py:211
                    INFO     bucket 20 (1024, 768): 24309                                                                                                                                                                                  prepare_buckets_latents_v2.py:211
                    INFO     bucket 21 (1024, 832): 12279                                                                                                                                                                                  prepare_buckets_latents_v2.py:211
                    INFO     bucket 22 (1024, 896): 9354                                                                                                                                                                                   prepare_buckets_latents_v2.py:211
                    INFO     bucket 23 (1024, 960): 8550                                                                                                                                                                                   prepare_buckets_latents_v2.py:211
                    INFO     bucket 24 (1024, 1024): 35149                                                                                                                                                                                 prepare_buckets_latents_v2.py:211
                    INFO     mean ar error: 0.018362714556708837                                                                                                                                                                           prepare_buckets_latents_v2.py:213
                    INFO     writing metadata: H:/danbooru2024-webp-4Mpixel/meta_lat_15.json                                                                                                                                               prepare_buckets_latents_v2.py:216
2025-01-18 00:38:05 INFO     done!     