
2025-01-04 02:07:07 INFO     loading existing metadata: F:/danbooru2024-webp-4Mpixel/meta_cap_dd_0.json                                                                             prepare_buckets_latents_v2.py:76
2025-01-04 02:07:09 INFO     Found 500300 entries.                                                                                                                                  prepare_buckets_latents_v2.py:85
                    INFO     Start from index 260000.                                                                                                                               prepare_buckets_latents_v2.py:95
                    WARNING  The output JSON will be incomplete! Re-run without start_from_index for complete list.                                                                 prepare_buckets_latents_v2.py:96
                    INFO     load VAE: E:/stable-diffusion-webui/models/VAE/sdxl-vae-fp16-fix.vae.safetensors                                                                                     model_util.py:1273
2025-01-04 02:07:10 INFO     Delayed start for 180 seconds.                                                                                                                        prepare_buckets_latents_v2.py:154
100%|███████████████████████████████████████████████████████████████████████████████████████████████████████████████████████████████████████████████████████████████████| 240300/240300 [23:12:39<00:00,  2.88it/s]
2025-01-05 01:23:03 INFO     bucket 0 (256, 1024): 186                                                                                                                             prepare_buckets_latents_v2.py:240
                    INFO     bucket 1 (320, 1024): 433                                                                                                                             prepare_buckets_latents_v2.py:240
                    INFO     bucket 2 (384, 1024): 732                                                                                                                             prepare_buckets_latents_v2.py:240
                    INFO     bucket 3 (448, 1024): 1794                                                                                                                            prepare_buckets_latents_v2.py:240
                    INFO     bucket 4 (512, 1024): 4463                                                                                                                            prepare_buckets_latents_v2.py:240
                    INFO     bucket 5 (576, 1024): 12377                                                                                                                           prepare_buckets_latents_v2.py:240
                    INFO     bucket 6 (640, 1024): 18787                                                                                                                           prepare_buckets_latents_v2.py:240
                    INFO     bucket 7 (704, 1024): 75310                                                                                                                           prepare_buckets_latents_v2.py:240
                    INFO     bucket 8 (768, 1024): 29702                                                                                                                           prepare_buckets_latents_v2.py:240
                    INFO     bucket 9 (832, 1024): 13975                                                                                                                           prepare_buckets_latents_v2.py:240
                    INFO     bucket 10 (896, 1024): 8349                                                                                                                           prepare_buckets_latents_v2.py:240
                    INFO     bucket 11 (960, 1024): 5481                                                                                                                           prepare_buckets_latents_v2.py:240
                    INFO     bucket 12 (1024, 256): 39                                                                                                                             prepare_buckets_latents_v2.py:240
                    INFO     bucket 13 (1024, 320): 121                                                                                                                            prepare_buckets_latents_v2.py:240
                    INFO     bucket 14 (1024, 384): 246                                                                                                                            prepare_buckets_latents_v2.py:240
                    INFO     bucket 15 (1024, 448): 775                                                                                                                            prepare_buckets_latents_v2.py:240
                    INFO     bucket 16 (1024, 512): 1624                                                                                                                           prepare_buckets_latents_v2.py:240
                    INFO     bucket 17 (1024, 576): 8535                                                                                                                           prepare_buckets_latents_v2.py:240
                    INFO     bucket 18 (1024, 640): 4999                                                                                                                           prepare_buckets_latents_v2.py:240
                    INFO     bucket 19 (1024, 704): 13742                                                                                                                          prepare_buckets_latents_v2.py:240
                    INFO     bucket 20 (1024, 768): 8670                                                                                                                           prepare_buckets_latents_v2.py:240
                    INFO     bucket 21 (1024, 832): 5138                                                                                                                           prepare_buckets_latents_v2.py:240
                    INFO     bucket 22 (1024, 896): 4159                                                                                                                           prepare_buckets_latents_v2.py:240
                    INFO     bucket 23 (1024, 960): 3940                                                                                                                           prepare_buckets_latents_v2.py:240
                    INFO     bucket 24 (1024, 1024): 16723                                                                                                                         prepare_buckets_latents_v2.py:240
                    INFO     mean ar error: 0.017957211518156137                                                                                                                   prepare_buckets_latents_v2.py:242
                    INFO     writing metadata: F:/danbooru2024-webp-4Mpixel/meta_lat_0.json                                                                                        prepare_buckets_latents_v2.py:245
2025-01-05 01:23:08 INFO     done!

2025-01-05 02:03:09 INFO     loading existing metadata: F:/danbooru2024-webp-4Mpixel/meta_cap_dd_0.json                                                                             prepare_buckets_latents_v2.py:76
2025-01-05 02:03:11 INFO     Found 500300 entries.                                                                                                                                  prepare_buckets_latents_v2.py:85
                    INFO     All entries will be iterated.                                                                                                                          prepare_buckets_latents_v2.py:99
                    INFO     load VAE: E:/stable-diffusion-webui/models/VAE/sdxl-vae-fp16-fix.vae.safetensors                                                                                     model_util.py:1273
2025-01-05 02:03:13 INFO     Main loop will start immediately.                                                                                                                     prepare_buckets_latents_v2.py:157
100%|████████████████████████████████████████████████████████████████████████████████████████████████████████████████████████████████████████████████████████████████████| 500300/500300 [2:25:09<00:00, 57.44it/s]
2025-01-05 04:28:24 INFO     bucket 0 (256, 1024): 1146                                                                                                                            prepare_buckets_latents_v2.py:240
                    INFO     bucket 1 (320, 1024): 2681                                                                                                                            prepare_buckets_latents_v2.py:240
2025-01-05 04:28:25 INFO     bucket 2 (384, 1024): 2550                                                                                                                            prepare_buckets_latents_v2.py:240
                    INFO     bucket 3 (448, 1024): 3395                                                                                                                            prepare_buckets_latents_v2.py:240
                    INFO     bucket 4 (512, 1024): 7485                                                                                                                            prepare_buckets_latents_v2.py:240
                    INFO     bucket 5 (576, 1024): 18738                                                                                                                           prepare_buckets_latents_v2.py:240
                    INFO     bucket 6 (640, 1024): 31114                                                                                                                           prepare_buckets_latents_v2.py:240
                    INFO     bucket 7 (704, 1024): 159910                                                                                                                          prepare_buckets_latents_v2.py:240
                    INFO     bucket 8 (768, 1024): 62785                                                                                                                           prepare_buckets_latents_v2.py:240
                    INFO     bucket 9 (832, 1024): 31145                                                                                                                           prepare_buckets_latents_v2.py:240
                    INFO     bucket 10 (896, 1024): 18109                                                                                                                          prepare_buckets_latents_v2.py:240
                    INFO     bucket 11 (960, 1024): 11874                                                                                                                          prepare_buckets_latents_v2.py:240
                    INFO     bucket 12 (1024, 256): 186                                                                                                                            prepare_buckets_latents_v2.py:240
                    INFO     bucket 13 (1024, 320): 308                                                                                                                            prepare_buckets_latents_v2.py:240
                    INFO     bucket 14 (1024, 384): 622                                                                                                                            prepare_buckets_latents_v2.py:240
                    INFO     bucket 15 (1024, 448): 1375                                                                                                                           prepare_buckets_latents_v2.py:240
                    INFO     bucket 16 (1024, 512): 2987                                                                                                                           prepare_buckets_latents_v2.py:240
                    INFO     bucket 17 (1024, 576): 14427                                                                                                                          prepare_buckets_latents_v2.py:240
                    INFO     bucket 18 (1024, 640): 10273                                                                                                                          prepare_buckets_latents_v2.py:240
                    INFO     bucket 19 (1024, 704): 30084                                                                                                                          prepare_buckets_latents_v2.py:240
                    INFO     bucket 20 (1024, 768): 24226                                                                                                                          prepare_buckets_latents_v2.py:240
                    INFO     bucket 21 (1024, 832): 12118                                                                                                                          prepare_buckets_latents_v2.py:240
                    INFO     bucket 22 (1024, 896): 9185                                                                                                                           prepare_buckets_latents_v2.py:240
                    INFO     bucket 23 (1024, 960): 8624                                                                                                                           prepare_buckets_latents_v2.py:240
                    INFO     bucket 24 (1024, 1024): 34953                                                                                                                         prepare_buckets_latents_v2.py:240
                    INFO     mean ar error: 0.018789995963776666                                                                                                                   prepare_buckets_latents_v2.py:242
                    INFO     writing metadata: F:/danbooru2024-webp-4Mpixel/meta_lat_0.json                                                                                        prepare_buckets_latents_v2.py:245
2025-01-05 04:28:31 INFO     done!                   