2025-01-09 01:06:14 INFO     loading existing metadata: F:/danbooru2024-webp-4Mpixel/meta_cap_dd_4.json                                                                             prepare_buckets_latents_v2.py:76 
2025-01-09 01:06:16 INFO     Found 500427 entries.                                                                                                                                  prepare_buckets_latents_v2.py:85
                    INFO     All entries will be iterated.                                                                                                                          prepare_buckets_latents_v2.py:99
                    INFO     load VAE: E:/stable-diffusion-webui/models/VAE/sdxl-vae-fp16-fix.vae.safetensors                                                                                     model_util.py:1273
2025-01-09 01:06:19 INFO     Main loop will start immediately.                                                                                                                     prepare_buckets_latents_v2.py:157
100%|████████████████████████████████████████████████████████████████████████████████████████████████████████████████████████████████████████████████████████████████████| 500427/500427 [8:59:14<00:00, 15.47it/s]
2025-01-09 10:05:34 INFO     bucket 0 (256, 1024): 1128                                                                                                                            prepare_buckets_latents_v2.py:240 
                    INFO     bucket 1 (320, 1024): 2648                                                                                                                            prepare_buckets_latents_v2.py:240 
                    INFO     bucket 2 (384, 1024): 2671                                                                                                                            prepare_buckets_latents_v2.py:240 
                    INFO     bucket 3 (448, 1024): 3385                                                                                                                            prepare_buckets_latents_v2.py:240 
                    INFO     bucket 4 (512, 1024): 7622                                                                                                                            prepare_buckets_latents_v2.py:240 
                    INFO     bucket 5 (576, 1024): 18631                                                                                                                           prepare_buckets_latents_v2.py:240 
                    INFO     bucket 6 (640, 1024): 31227                                                                                                                           prepare_buckets_latents_v2.py:240 
                    INFO     bucket 7 (704, 1024): 159815                                                                                                                          prepare_buckets_latents_v2.py:240 
                    INFO     bucket 8 (768, 1024): 63044                                                                                                                           prepare_buckets_latents_v2.py:240 
                    INFO     bucket 9 (832, 1024): 31277                                                                                                                           prepare_buckets_latents_v2.py:240 
                    INFO     bucket 10 (896, 1024): 18009                                                                                                                          prepare_buckets_latents_v2.py:240 
                    INFO     bucket 11 (960, 1024): 11730                                                                                                                          prepare_buckets_latents_v2.py:240 
                    INFO     bucket 12 (1024, 256): 213                                                                                                                            prepare_buckets_latents_v2.py:240 
                    INFO     bucket 13 (1024, 320): 303                                                                                                                            prepare_buckets_latents_v2.py:240 
                    INFO     bucket 14 (1024, 384): 575                                                                                                                            prepare_buckets_latents_v2.py:240 
                    INFO     bucket 15 (1024, 448): 1336                                                                                                                           prepare_buckets_latents_v2.py:240 
                    INFO     bucket 16 (1024, 512): 3086                                                                                                                           prepare_buckets_latents_v2.py:240 
                    INFO     bucket 17 (1024, 576): 14459                                                                                                                          prepare_buckets_latents_v2.py:240 
                    INFO     bucket 18 (1024, 640): 10123                                                                                                                          prepare_buckets_latents_v2.py:240 
                    INFO     bucket 19 (1024, 704): 29717                                                                                                                          prepare_buckets_latents_v2.py:240 
                    INFO     bucket 20 (1024, 768): 24256                                                                                                                          prepare_buckets_latents_v2.py:240 
                    INFO     bucket 21 (1024, 832): 12246                                                                                                                          prepare_buckets_latents_v2.py:240 
                    INFO     bucket 22 (1024, 896): 9197                                                                                                                           prepare_buckets_latents_v2.py:240 
                    INFO     bucket 23 (1024, 960): 8392                                                                                                                           prepare_buckets_latents_v2.py:240 
                    INFO     bucket 24 (1024, 1024): 35337                                                                                                                         prepare_buckets_latents_v2.py:240 
                    INFO     mean ar error: 0.01861826567008993                                                                                                                    prepare_buckets_latents_v2.py:242 
                    INFO     writing metadata: F:/danbooru2024-webp-4Mpixel/meta_lat_4.json                                                                                        prepare_buckets_latents_v2.py:245 
2025-01-09 10:05:41 INFO     done!                                                                                                                                                 prepare_buckets_latents_v2.py:248

2025-01-09 01:06:14 INFO     loading existing metadata: F:/danbooru2024-webp-4Mpixel/meta_cap_dd_5.json                                                                             prepare_buckets_latents_v2.py:76 
2025-01-09 01:06:16 INFO     Found 500292 entries.                                                                                                                                  prepare_buckets_latents_v2.py:85
                    INFO     All entries will be iterated.                                                                                                                          prepare_buckets_latents_v2.py:99
                    INFO     load VAE: E:/stable-diffusion-webui/models/VAE/sdxl-vae-fp16-fix.vae.safetensors                                                                                     model_util.py:1273
2025-01-09 01:06:19 INFO     Main loop will start immediately.                                                                                                                     prepare_buckets_latents_v2.py:157
100%|████████████████████████████████████████████████████████████████████████████████████████████████████████████████████████████████████████████████████████████████████| 500292/500292 [8:25:56<00:00, 16.48it/s]
2025-01-09 09:32:16 INFO     bucket 0 (256, 1024): 1120                                                                                                                            prepare_buckets_latents_v2.py:240 
                    INFO     bucket 1 (320, 1024): 2662                                                                                                                            prepare_buckets_latents_v2.py:240 
                    INFO     bucket 2 (384, 1024): 2640                                                                                                                            prepare_buckets_latents_v2.py:240 
                    INFO     bucket 3 (448, 1024): 3431                                                                                                                            prepare_buckets_latents_v2.py:240 
                    INFO     bucket 4 (512, 1024): 7476                                                                                                                            prepare_buckets_latents_v2.py:240 
                    INFO     bucket 5 (576, 1024): 18661                                                                                                                           prepare_buckets_latents_v2.py:240 
                    INFO     bucket 6 (640, 1024): 30876                                                                                                                           prepare_buckets_latents_v2.py:240 
                    INFO     bucket 7 (704, 1024): 159119                                                                                                                          prepare_buckets_latents_v2.py:240 
                    INFO     bucket 8 (768, 1024): 63463                                                                                                                           prepare_buckets_latents_v2.py:240 
                    INFO     bucket 9 (832, 1024): 31339                                                                                                                           prepare_buckets_latents_v2.py:240 
                    INFO     bucket 10 (896, 1024): 18116                                                                                                                          prepare_buckets_latents_v2.py:240 
                    INFO     bucket 11 (960, 1024): 11903                                                                                                                          prepare_buckets_latents_v2.py:240 
                    INFO     bucket 12 (1024, 256): 193                                                                                                                            prepare_buckets_latents_v2.py:240 
                    INFO     bucket 13 (1024, 320): 318                                                                                                                            prepare_buckets_latents_v2.py:240 
                    INFO     bucket 14 (1024, 384): 607                                                                                                                            prepare_buckets_latents_v2.py:240 
                    INFO     bucket 15 (1024, 448): 1356                                                                                                                           prepare_buckets_latents_v2.py:240 
                    INFO     bucket 16 (1024, 512): 3039                                                                                                                           prepare_buckets_latents_v2.py:240 
                    INFO     bucket 17 (1024, 576): 14590                                                                                                                          prepare_buckets_latents_v2.py:240 
                    INFO     bucket 18 (1024, 640): 10101                                                                                                                          prepare_buckets_latents_v2.py:240 
                    INFO     bucket 19 (1024, 704): 29884                                                                                                                          prepare_buckets_latents_v2.py:240 
                    INFO     bucket 20 (1024, 768): 24070                                                                                                                          prepare_buckets_latents_v2.py:240 
                    INFO     bucket 21 (1024, 832): 12071                                                                                                                          prepare_buckets_latents_v2.py:240 
                    INFO     bucket 22 (1024, 896): 9348                                                                                                                           prepare_buckets_latents_v2.py:240 
                    INFO     bucket 23 (1024, 960): 8557                                                                                                                           prepare_buckets_latents_v2.py:240 
                    INFO     bucket 24 (1024, 1024): 35352                                                                                                                         prepare_buckets_latents_v2.py:240 
                    INFO     mean ar error: 0.018509869452928502                                                                                                                   prepare_buckets_latents_v2.py:242 
                    INFO     writing metadata: F:/danbooru2024-webp-4Mpixel/meta_lat_5.json                                                                                        prepare_buckets_latents_v2.py:245 
2025-01-09 09:32:23 INFO     done!                                                                                                                                                 prepare_buckets_latents_v2.py:248

2025-01-09 01:06:14 INFO     loading existing metadata: F:/danbooru2024-webp-4Mpixel/meta_cap_dd_6.json                                                                             prepare_buckets_latents_v2.py:76 
2025-01-09 01:06:16 INFO     Found 500206 entries.                                                                                                                                  prepare_buckets_latents_v2.py:85
                    INFO     All entries will be iterated.                                                                                                                          prepare_buckets_latents_v2.py:99
                    INFO     load VAE: E:/stable-diffusion-webui/models/VAE/sdxl-vae-fp16-fix.vae.safetensors                                                                                     model_util.py:1273
2025-01-09 01:06:19 INFO     Main loop will start immediately.                                                                                                                     prepare_buckets_latents_v2.py:157
100%|████████████████████████████████████████████████████████████████████████████████████████████████████████████████████████████████████████████████████████████████████| 500206/500206 [9:35:09<00:00, 14.49it/s]
2025-01-09 10:41:29 INFO     bucket 0 (256, 1024): 1144                                                                                                                            prepare_buckets_latents_v2.py:240 
                    INFO     bucket 1 (320, 1024): 2677                                                                                                                            prepare_buckets_latents_v2.py:240 
                    INFO     bucket 2 (384, 1024): 2575                                                                                                                            prepare_buckets_latents_v2.py:240 
                    INFO     bucket 3 (448, 1024): 3416                                                                                                                            prepare_buckets_latents_v2.py:240 
                    INFO     bucket 4 (512, 1024): 7492                                                                                                                            prepare_buckets_latents_v2.py:240 
                    INFO     bucket 5 (576, 1024): 18667                                                                                                                           prepare_buckets_latents_v2.py:240 
                    INFO     bucket 6 (640, 1024): 30990                                                                                                                           prepare_buckets_latents_v2.py:240 
                    INFO     bucket 7 (704, 1024): 160092                                                                                                                          prepare_buckets_latents_v2.py:240 
                    INFO     bucket 8 (768, 1024): 62966                                                                                                                           prepare_buckets_latents_v2.py:240 
                    INFO     bucket 9 (832, 1024): 31367                                                                                                                           prepare_buckets_latents_v2.py:240 
                    INFO     bucket 10 (896, 1024): 17877                                                                                                                          prepare_buckets_latents_v2.py:240 
                    INFO     bucket 11 (960, 1024): 11471                                                                                                                          prepare_buckets_latents_v2.py:240 
                    INFO     bucket 12 (1024, 256): 169                                                                                                                            prepare_buckets_latents_v2.py:240 
                    INFO     bucket 13 (1024, 320): 312                                                                                                                            prepare_buckets_latents_v2.py:240 
                    INFO     bucket 14 (1024, 384): 617                                                                                                                            prepare_buckets_latents_v2.py:240 
                    INFO     bucket 15 (1024, 448): 1403                                                                                                                           prepare_buckets_latents_v2.py:240 
                    INFO     bucket 16 (1024, 512): 3030                                                                                                                           prepare_buckets_latents_v2.py:240 
                    INFO     bucket 17 (1024, 576): 14568                                                                                                                          prepare_buckets_latents_v2.py:240 
                    INFO     bucket 18 (1024, 640): 10247                                                                                                                          prepare_buckets_latents_v2.py:240 
                    INFO     bucket 19 (1024, 704): 29989                                                                                                                          prepare_buckets_latents_v2.py:240 
                    INFO     bucket 20 (1024, 768): 23954                                                                                                                          prepare_buckets_latents_v2.py:240 
                    INFO     bucket 21 (1024, 832): 12123                                                                                                                          prepare_buckets_latents_v2.py:240 
                    INFO     bucket 22 (1024, 896): 9238                                                                                                                           prepare_buckets_latents_v2.py:240 
                    INFO     bucket 23 (1024, 960): 8340                                                                                                                           prepare_buckets_latents_v2.py:240 
                    INFO     bucket 24 (1024, 1024): 35482                                                                                                                         prepare_buckets_latents_v2.py:240 
                    INFO     mean ar error: 0.018703717701607305                                                                                                                   prepare_buckets_latents_v2.py:242 
                    INFO     writing metadata: F:/danbooru2024-webp-4Mpixel/meta_lat_6.json                                                                                        prepare_buckets_latents_v2.py:245 
2025-01-09 10:41:35 INFO     done!                                                                                                                                                 prepare_buckets_latents_v2.py:248

2025-01-09 01:06:14 INFO     loading existing metadata: F:/danbooru2024-webp-4Mpixel/meta_cap_dd_7.json                                                                             prepare_buckets_latents_v2.py:76 
2025-01-09 01:06:16 INFO     Found 500214 entries.                                                                                                                                  prepare_buckets_latents_v2.py:85
                    INFO     All entries will be iterated.                                                                                                                          prepare_buckets_latents_v2.py:99
                    INFO     load VAE: E:/stable-diffusion-webui/models/VAE/sdxl-vae-fp16-fix.vae.safetensors                                                                                     model_util.py:1273
2025-01-09 01:06:19 INFO     Main loop will start immediately.                                                                                                                     prepare_buckets_latents_v2.py:157
100%|████████████████████████████████████████████████████████████████████████████████████████████████████████████████████████████████████████████████████████████████████| 500214/500214 [8:32:54<00:00, 16.25it/s]
2025-01-09 09:39:14 INFO     bucket 0 (256, 1024): 1142                                                                                                                            prepare_buckets_latents_v2.py:240 
                    INFO     bucket 1 (320, 1024): 2695                                                                                                                            prepare_buckets_latents_v2.py:240 
                    INFO     bucket 2 (384, 1024): 2556                                                                                                                            prepare_buckets_latents_v2.py:240 
                    INFO     bucket 3 (448, 1024): 3441                                                                                                                            prepare_buckets_latents_v2.py:240 
                    INFO     bucket 4 (512, 1024): 7556                                                                                                                            prepare_buckets_latents_v2.py:240 
                    INFO     bucket 5 (576, 1024): 18596                                                                                                                           prepare_buckets_latents_v2.py:240 
                    INFO     bucket 6 (640, 1024): 31080                                                                                                                           prepare_buckets_latents_v2.py:240 
                    INFO     bucket 7 (704, 1024): 160002                                                                                                                          prepare_buckets_latents_v2.py:240 
                    INFO     bucket 8 (768, 1024): 62899                                                                                                                           prepare_buckets_latents_v2.py:240 
                    INFO     bucket 9 (832, 1024): 31337                                                                                                                           prepare_buckets_latents_v2.py:240 
                    INFO     bucket 10 (896, 1024): 17845                                                                                                                          prepare_buckets_latents_v2.py:240 
                    INFO     bucket 11 (960, 1024): 11833                                                                                                                          prepare_buckets_latents_v2.py:240 
                    INFO     bucket 12 (1024, 256): 200                                                                                                                            prepare_buckets_latents_v2.py:240 
                    INFO     bucket 13 (1024, 320): 320                                                                                                                            prepare_buckets_latents_v2.py:240 
                    INFO     bucket 14 (1024, 384): 560                                                                                                                            prepare_buckets_latents_v2.py:240 
                    INFO     bucket 15 (1024, 448): 1328                                                                                                                           prepare_buckets_latents_v2.py:240 
                    INFO     bucket 16 (1024, 512): 3007                                                                                                                           prepare_buckets_latents_v2.py:240 
                    INFO     bucket 17 (1024, 576): 14433                                                                                                                          prepare_buckets_latents_v2.py:240 
                    INFO     bucket 18 (1024, 640): 10186                                                                                                                          prepare_buckets_latents_v2.py:240 
                    INFO     bucket 19 (1024, 704): 30178                                                                                                                          prepare_buckets_latents_v2.py:240 
                    INFO     bucket 20 (1024, 768): 24244                                                                                                                          prepare_buckets_latents_v2.py:240 
                    INFO     bucket 21 (1024, 832): 12190                                                                                                                          prepare_buckets_latents_v2.py:240 
                    INFO     bucket 22 (1024, 896): 9197                                                                                                                           prepare_buckets_latents_v2.py:240 
                    INFO     bucket 23 (1024, 960): 8390                                                                                                                           prepare_buckets_latents_v2.py:240 
                    INFO     bucket 24 (1024, 1024): 34999                                                                                                                         prepare_buckets_latents_v2.py:240 
                    INFO     mean ar error: 0.01858772493446434                                                                                                                    prepare_buckets_latents_v2.py:242 
                    INFO     writing metadata: F:/danbooru2024-webp-4Mpixel/meta_lat_7.json                                                                                        prepare_buckets_latents_v2.py:245 
2025-01-09 09:39:21 INFO     done!                                                                                                                                                 prepare_buckets_latents_v2.py:248