
                    INFO
2025-01-13 01:00:04 INFO     loading existing metadata: F:/danbooru2024-webp-4Mpixel/meta_cap_dd_8.json                                                                             prepare_buck
2025-01-13 01:00:06 INFO     Found 500233 entries.                                                                                                                                  prepare_buck
                    INFO     All entries will be iterated.                                                                                                                          prepare_buck
                    INFO     load VAE: E:/stable-diffusion-webui/models/VAE/sdxl-vae-fp16-fix.vae.safetensors                                                                                   
2025-01-13 01:00:08 INFO     Main loop will start immediately.                                                                                                                     prepare_bucke
100%|████████████████████████████████████████████████████████████████████████████████████████████████████████████████████████████████████████████████████████████████████| 500233/500233 [3:48:3
2025-01-13 04:48:44 INFO     bucket 0 (256, 1024): 1116                                                                                                                            prepare_bucke
                    INFO     bucket 1 (320, 1024): 2706                                                                                                                            prepare_bucke
                    INFO     bucket 2 (384, 1024): 2616                                                                                                                            prepare_bucke
                    INFO     bucket 3 (448, 1024): 3513                                                                                                                            prepare_bucke
                    INFO     bucket 4 (512, 1024): 7735                                                                                                                            prepare_bucke
                    INFO     bucket 5 (576, 1024): 18653                                                                                                                           prepare_bucke
                    INFO     bucket 6 (640, 1024): 30817                                                                                                                           prepare_bucke
                    INFO     bucket 7 (704, 1024): 158925                                                                                                                          prepare_bucke
                    INFO     bucket 8 (768, 1024): 62922                                                                                                                           prepare_bucke
                    INFO     bucket 9 (832, 1024): 31120                                                                                                                           prepare_bucke
                    INFO     bucket 10 (896, 1024): 18123                                                                                                                          prepare_bucke
                    INFO     bucket 11 (960, 1024): 11810                                                                                                                          prepare_bucke
                    INFO     bucket 12 (1024, 256): 203                                                                                                                            prepare_bucke
                    INFO     bucket 13 (1024, 320): 318                                                                                                                            prepare_bucke
                    INFO     bucket 14 (1024, 384): 623                                                                                                                            prepare_bucke
                    INFO     bucket 15 (1024, 448): 1394                                                                                                                           prepare_bucke
                    INFO     bucket 16 (1024, 512): 3043                                                                                                                           prepare_bucke
                    INFO     bucket 17 (1024, 576): 14612                                                                                                                          prepare_bucke
                    INFO     bucket 18 (1024, 640): 10357                                                                                                                          prepare_bucke
                    INFO     bucket 19 (1024, 704): 30099                                                                                                                          prepare_bucke
                    INFO     bucket 20 (1024, 768): 24314                                                                                                                          prepare_bucke
                    INFO     bucket 21 (1024, 832): 12161                                                                                                                          prepare_bucke
                    INFO     bucket 22 (1024, 896): 9207                                                                                                                           prepare_bucke
                    INFO     bucket 23 (1024, 960): 8408                                                                                                                           prepare_bucke
                    INFO     bucket 24 (1024, 1024): 35438                                                                                                                         prepare_bucke
                    INFO     mean ar error: 0.018556007891305026                                                                                                                   prepare_bucke
                    INFO     writing metadata: F:/danbooru2024-webp-4Mpixel/meta_lat_8.json                                                                                        prepare_bucke
2025-01-13 04:48:50 INFO     done!    
2025-01-13 01:00:09 INFO     loading existing metadata: F:/danbooru2024-webp-4Mpixel/meta_cap_dd_9.json                                                                             prepare_buckets_latents_v2.py:76
2025-01-13 01:00:11 INFO     Found 500124 entries.                                                                                                                                  prepare_buckets_latents_v2.py:85
                    INFO     All entries will be iterated.                                                                                                                          prepare_buckets_latents_v2.py:99
                    INFO     load VAE: E:/stable-diffusion-webui/models/VAE/sdxl-vae-fp16-fix.vae.safetensors                                                                                     model_util.py:1273
2025-01-13 01:00:12 INFO     Main loop will start immediately.                                                                                                                     prepare_buckets_latents_v2.py:157
100%|████████████████████████████████████████████████████████████████████████████████████████████████████████████████████████████████████████████████████████████████████| 500124/500124 [3:13:33<00:00, 43.06it/s]
2025-01-13 04:13:46 INFO     bucket 0 (256, 1024): 1204                                                                                                                            prepare_buckets_latents_v2.py:240
                    INFO     bucket 1 (320, 1024): 2711                                                                                                                            prepare_buckets_latents_v2.py:240
                    INFO     bucket 2 (384, 1024): 2532                                                                                                                            prepare_buckets_latents_v2.py:240
                    INFO     bucket 3 (448, 1024): 3407                                                                                                                            prepare_buckets_latents_v2.py:240
                    INFO     bucket 4 (512, 1024): 7591                                                                                                                            prepare_buckets_latents_v2.py:240
                    INFO     bucket 5 (576, 1024): 18569                                                                                                                           prepare_buckets_latents_v2.py:240
                    INFO     bucket 6 (640, 1024): 30978                                                                                                                           prepare_buckets_latents_v2.py:240
                    INFO     bucket 7 (704, 1024): 159725                                                                                                                          prepare_buckets_latents_v2.py:240
                    INFO     bucket 8 (768, 1024): 63144                                                                                                                           prepare_buckets_latents_v2.py:240
                    INFO     bucket 9 (832, 1024): 31482                                                                                                                           prepare_buckets_latents_v2.py:240
                    INFO     bucket 10 (896, 1024): 17901                                                                                                                          prepare_buckets_latents_v2.py:240
                    INFO     bucket 11 (960, 1024): 12050                                                                                                                          prepare_buckets_latents_v2.py:240
                    INFO     bucket 12 (1024, 256): 185                                                                                                                            prepare_buckets_latents_v2.py:240
                    INFO     bucket 13 (1024, 320): 314                                                                                                                            prepare_buckets_latents_v2.py:240
                    INFO     bucket 14 (1024, 384): 594                                                                                                                            prepare_buckets_latents_v2.py:240
                    INFO     bucket 15 (1024, 448): 1443                                                                                                                           prepare_buckets_latents_v2.py:240
                    INFO     bucket 16 (1024, 512): 2911                                                                                                                           prepare_buckets_latents_v2.py:240
                    INFO     bucket 17 (1024, 576): 14573                                                                                                                          prepare_buckets_latents_v2.py:240
                    INFO     bucket 18 (1024, 640): 9967                                                                                                                           prepare_buckets_latents_v2.py:240
                    INFO     bucket 19 (1024, 704): 29897                                                                                                                          prepare_buckets_latents_v2.py:240
                    INFO     bucket 20 (1024, 768): 24183                                                                                                                          prepare_buckets_latents_v2.py:240
                    INFO     bucket 21 (1024, 832): 11981                                                                                                                          prepare_buckets_latents_v2.py:240
                    INFO     bucket 22 (1024, 896): 9275                                                                                                                           prepare_buckets_latents_v2.py:240
                    INFO     bucket 23 (1024, 960): 8537                                                                                                                           prepare_buckets_latents_v2.py:240
                    INFO     bucket 24 (1024, 1024): 34970                                                                                                                         prepare_buckets_latents_v2.py:240
                    INFO     mean ar error: 0.018642464172224787                                                                                                                   prepare_buckets_latents_v2.py:242
                    INFO     writing metadata: F:/danbooru2024-webp-4Mpixel/meta_lat_9.json                                                                                        prepare_buckets_latents_v2.py:245
2025-01-13 04:13:52 INFO     done!                                                                                                                                                 prepare_buckets_latents_v2.py:248
2025-01-13 01:00:13 INFO     loading existing metadata: F:/danbooru2024-webp-4Mpixel/meta_cap_dd_10.json                                                                            prepare_buckets_latents_v2.py:76
2025-01-13 01:00:15 INFO     Found 500239 entries.                                                                                                                                  prepare_buckets_latents_v2.py:85
                    INFO     All entries will be iterated.                                                                                                                          prepare_buckets_latents_v2.py:99
                    INFO     load VAE: E:/stable-diffusion-webui/models/VAE/sdxl-vae-fp16-fix.vae.safetensors                                                                                     model_util.py:1273
2025-01-13 01:00:16 INFO     Main loop will start immediately.                                                                                                                     prepare_buckets_latents_v2.py:157
100%|████████████████████████████████████████████████████████████████████████████████████████████████████████████████████████████████████████████████████████████████████| 500239/500239 [2:25:45<00:00, 57.20it/s]
2025-01-13 03:26:02 INFO     bucket 0 (256, 1024): 1162                                                                                                                            prepare_buckets_latents_v2.py:240
                    INFO     bucket 1 (320, 1024): 2672                                                                                                                            prepare_buckets_latents_v2.py:240
                    INFO     bucket 2 (384, 1024): 2504                                                                                                                            prepare_buckets_latents_v2.py:240
                    INFO     bucket 3 (448, 1024): 3477                                                                                                                            prepare_buckets_latents_v2.py:240
                    INFO     bucket 4 (512, 1024): 7553                                                                                                                            prepare_buckets_latents_v2.py:240
                    INFO     bucket 5 (576, 1024): 18561                                                                                                                           prepare_buckets_latents_v2.py:240
                    INFO     bucket 6 (640, 1024): 30899                                                                                                                           prepare_buckets_latents_v2.py:240
                    INFO     bucket 7 (704, 1024): 159556                                                                                                                          prepare_buckets_latents_v2.py:240
                    INFO     bucket 8 (768, 1024): 62618                                                                                                                           prepare_buckets_latents_v2.py:240
                    INFO     bucket 9 (832, 1024): 31510                                                                                                                           prepare_buckets_latents_v2.py:240
                    INFO     bucket 10 (896, 1024): 17986                                                                                                                          prepare_buckets_latents_v2.py:240
                    INFO     bucket 11 (960, 1024): 11842                                                                                                                          prepare_buckets_latents_v2.py:240
                    INFO     bucket 12 (1024, 256): 200                                                                                                                            prepare_buckets_latents_v2.py:240
                    INFO     bucket 13 (1024, 320): 335                                                                                                                            prepare_buckets_latents_v2.py:240
                    INFO     bucket 14 (1024, 384): 612                                                                                                                            prepare_buckets_latents_v2.py:240
                    INFO     bucket 15 (1024, 448): 1361                                                                                                                           prepare_buckets_latents_v2.py:240
                    INFO     bucket 16 (1024, 512): 3006                                                                                                                           prepare_buckets_latents_v2.py:240
                    INFO     bucket 17 (1024, 576): 14525                                                                                                                          prepare_buckets_latents_v2.py:240
                    INFO     bucket 18 (1024, 640): 10103                                                                                                                          prepare_buckets_latents_v2.py:240
                    INFO     bucket 19 (1024, 704): 30072                                                                                                                          prepare_buckets_latents_v2.py:240
                    INFO     bucket 20 (1024, 768): 24435                                                                                                                          prepare_buckets_latents_v2.py:240
                    INFO     bucket 21 (1024, 832): 12098                                                                                                                          prepare_buckets_latents_v2.py:240
                    INFO     bucket 22 (1024, 896): 9271                                                                                                                           prepare_buckets_latents_v2.py:240
                    INFO     bucket 23 (1024, 960): 8556                                                                                                                           prepare_buckets_latents_v2.py:240
                    INFO     bucket 24 (1024, 1024): 35325                                                                                                                         prepare_buckets_latents_v2.py:240
                    INFO     mean ar error: 0.018758980249157776                                                                                                                   prepare_buckets_latents_v2.py:242
                    INFO     writing metadata: F:/danbooru2024-webp-4Mpixel/meta_lat_10.json                                                                                       prepare_buckets_latents_v2.py:245
2025-01-13 03:26:09 INFO     done!                                                                                                                                                 prepare_buckets_latents_v2.py:248
2025-01-13 08:03:15 INFO     loading existing metadata: F:/danbooru2024-webp-4Mpixel/meta_cap_dd_11.json                                                                            prepare_buckets_latents_v2.py:76
2025-01-13 08:03:17 INFO     Found 500166 entries.                                                                                                                                  prepare_buckets_latents_v2.py:85
                    INFO     All entries will be iterated.                                                                                                                          prepare_buckets_latents_v2.py:99
                    INFO     load VAE: E:/stable-diffusion-webui/models/VAE/sdxl-vae-fp16-fix.vae.safetensors                                                                                     model_util.py:1273
2025-01-13 08:03:20 INFO     Main loop will start immediately.                                                                                                                     prepare_buckets_latents_v2.py:157
100%|████████████████████████████████████████████████████████████████████████████████████████████████████████████████████████████████████████████████████████████████████| 500166/500166 [2:11:07<00:00, 63.57it/s]
2025-01-13 10:14:28 INFO     bucket 0 (256, 1024): 1161                                                                                                                            prepare_buckets_latents_v2.py:240
                    INFO     bucket 1 (320, 1024): 2779                                                                                                                            prepare_buckets_latents_v2.py:240
                    INFO     bucket 2 (384, 1024): 2536                                                                                                                            prepare_buckets_latents_v2.py:240
                    INFO     bucket 3 (448, 1024): 3540                                                                                                                            prepare_buckets_latents_v2.py:240
                    INFO     bucket 4 (512, 1024): 7433                                                                                                                            prepare_buckets_latents_v2.py:240
                    INFO     bucket 5 (576, 1024): 18819                                                                                                                           prepare_buckets_latents_v2.py:240
                    INFO     bucket 6 (640, 1024): 31278                                                                                                                           prepare_buckets_latents_v2.py:240
                    INFO     bucket 7 (704, 1024): 159680                                                                                                                          prepare_buckets_latents_v2.py:240
                    INFO     bucket 8 (768, 1024): 62719                                                                                                                           prepare_buckets_latents_v2.py:240
                    INFO     bucket 9 (832, 1024): 31237                                                                                                                           prepare_buckets_latents_v2.py:240
                    INFO     bucket 10 (896, 1024): 17832                                                                                                                          prepare_buckets_latents_v2.py:240
                    INFO     bucket 11 (960, 1024): 11763                                                                                                                          prepare_buckets_latents_v2.py:240
                    INFO     bucket 12 (1024, 256): 175                                                                                                                            prepare_buckets_latents_v2.py:240
                    INFO     bucket 13 (1024, 320): 300                                                                                                                            prepare_buckets_latents_v2.py:240
                    INFO     bucket 14 (1024, 384): 562                                                                                                                            prepare_buckets_latents_v2.py:240
                    INFO     bucket 15 (1024, 448): 1407                                                                                                                           prepare_buckets_latents_v2.py:240
                    INFO     bucket 16 (1024, 512): 3050                                                                                                                           prepare_buckets_latents_v2.py:240
                    INFO     bucket 17 (1024, 576): 14476                                                                                                                          prepare_buckets_latents_v2.py:240
                    INFO     bucket 18 (1024, 640): 10371                                                                                                                          prepare_buckets_latents_v2.py:240
                    INFO     bucket 19 (1024, 704): 29593                                                                                                                          prepare_buckets_latents_v2.py:240
                    INFO     bucket 20 (1024, 768): 24447                                                                                                                          prepare_buckets_latents_v2.py:240
                    INFO     bucket 21 (1024, 832): 12237                                                                                                                          prepare_buckets_latents_v2.py:240
                    INFO     bucket 22 (1024, 896): 9355                                                                                                                           prepare_buckets_latents_v2.py:240
                    INFO     bucket 23 (1024, 960): 8500                                                                                                                           prepare_buckets_latents_v2.py:240
                    INFO     bucket 24 (1024, 1024): 34916                                                                                                                         prepare_buckets_latents_v2.py:240
                    INFO     mean ar error: 0.018531434108947094                                                                                                                   prepare_buckets_latents_v2.py:242
                    INFO     writing metadata: F:/danbooru2024-webp-4Mpixel/meta_lat_11.json                                                                                       prepare_buckets_latents_v2.py:245
2025-01-13 10:14:34 INFO     done!       